<?xml version="1.0" encoding="UTF-8"?>
<testsuite xmlns:xsi="http://www.w3.org/2001/XMLSchema-instance" xsi:noNamespaceSchemaLocation="https://maven.apache.org/surefire/maven-surefire-plugin/xsd/surefire-test-report.xsd" name="SQRServiceTest" time="0.027" tests="5" errors="0" skipped="0" failures="0">
  <properties>
[...]
</properties>
  <testcase name="counter0Test" classname="SQRServiceTest" time="0.02"/>
  <testcase name="counter1Test" classname="SQRServiceTest" time="0"/>
  <testcase name="counter3Test" classname="SQRServiceTest" time="0"/>
  <testcase name="counter00Test" classname="SQRServiceTest" time="0.001"/>
  <testcase name="counter90Test" classname="SQRServiceTest" time="0"/>
</testsuite>